<?xml version="1.0" encoding="UTF-8"?>
<coverage generated="1589256352789" clover="3.2.0">
  <project timestamp="1589256352790" name="All files">
    <metrics statements="38" coveredstatements="16" conditionals="6" coveredconditionals="4" methods="14" coveredmethods="9" elements="58" coveredelements="29" complexity="0" loc="38" ncloc="38" packages="1" files="4" classes="4"/>
    <file name="CreateTodo.vue" path="D:\Major & Interests\MyProjects\vue-todos\src\components\CreateTodo.vue">
      <metrics statements="4" coveredstatements="4" conditionals="2" coveredconditionals="2" methods="2" coveredmethods="2"/>
      <line num="16" count="3" type="stmt"/>
      <line num="22" count="2" type="cond" truecount="2" falsecount="0"/>
      <line num="23" count="1" type="stmt"/>
      <line num="25" count="2" type="stmt"/>
    </file>
    <file name="Navigation.vue" path="D:\Major & Interests\MyProjects\vue-todos\src\components\Navigation.vue">
      <metrics statements="1" coveredstatements="1" conditionals="0" coveredconditionals="0" methods="1" coveredmethods="1"/>
      <line num="18" count="2" type="stmt"/>
    </file>
    <file name="Todo.vue" path="D:\Major & Interests\MyProjects\vue-todos\src\components\Todo.vue">
      <metrics statements="8" coveredstatements="7" conditionals="2" coveredconditionals="1" methods="4" coveredmethods="4"/>
      <line num="63" count="11" type="stmt"/>
      <line num="75" count="1" type="cond" truecount="1" falsecount="1"/>
      <line num="76" count="0" type="stmt"/>
      <line num="78" count="1" type="stmt"/>
      <line num="79" count="1" type="stmt"/>
      <line num="80" count="2" type="stmt"/>
      <line num="84" count="2" type="stmt"/>
      <line num="85" count="2" type="stmt"/>
    </file>
    <file name="TodoList.vue" path="D:\Major & Interests\MyProjects\vue-todos\src\components\TodoList.vue">
      <metrics statements="25" coveredstatements="4" conditionals="2" coveredconditionals="1" methods="7" coveredmethods="2"/>
      <line num="35" count="1" type="stmt"/>
      <line num="36" count="1" type="stmt"/>
      <line num="41" count="1" type="stmt"/>
      <line num="46" count="1" type="cond" truecount="1" falsecount="1"/>
      <line num="47" count="0" type="stmt"/>
      <line num="48" count="0" type="stmt"/>
      <line num="50" count="0" type="stmt"/>
      <line num="56" count="0" type="stmt"/>
      <line num="57" count="0" type="stmt"/>
      <line num="60" count="0" type="stmt"/>
      <line num="61" count="0" type="stmt"/>
      <line num="62" count="0" type="stmt"/>
      <line num="63" count="0" type="stmt"/>
      <line num="64" count="0" type="stmt"/>
      <line num="66" count="0" type="stmt"/>
      <line num="68" count="0" type="stmt"/>
      <line num="69" count="0" type="stmt"/>
      <line num="70" count="0" type="stmt"/>
      <line num="71" count="0" type="stmt"/>
      <line num="74" count="0" type="stmt"/>
      <line num="75" count="0" type="stmt"/>
      <line num="78" count="0" type="stmt"/>
      <line num="79" count="0" type="stmt"/>
      <line num="82" count="0" type="stmt"/>
      <line num="83" count="0" type="stmt"/>
    </file>
  </project>
</coverage>
