{"D:\\Major & Interests\\MyProjects\\vue-todos\\src\\components\\CreateTodo.vue": {"path":"D:\\Major & Interests\\MyProjects\\vue-todos\\src\\components\\CreateTodo.vue","statementMap":{"0":{"start":{"line":16,"column":0},"end":{"line":16,"column":null}},"1":{"start":{"line":22,"column":0},"end":{"line":24,"column":null}},"2":{"start":{"line":23,"column":0},"end":{"line":23,"column":null}},"3":{"start":{"line":25,"column":0},"end":{"line":25,"column":null}}},"fnMap":{"0":{"name":"(anonymous_1)","decl":{"start":{"line":15,"column":0},"end":{"line":15,"column":null}},"loc":{"start":{"line":15,"column":0},"end":{"line":19,"column":null}}},"1":{"name":"(anonymous_2)","decl":{"start":{"line":21,"column":0},"end":{"line":21,"column":null}},"loc":{"start":{"line":21,"column":0},"end":{"line":26,"column":null}}}},"branchMap":{"0":{"loc":{"start":{"line":22,"column":0},"end":{"line":24,"column":null}},"type":"if","locations":[{"start":{"line":22,"column":0},"end":{"line":24,"column":null}},{"start":{"line":22,"column":0},"end":{"line":24,"column":null}}]}},"s":{"0":3,"1":2,"2":1,"3":2},"f":{"0":3,"1":2},"b":{"0":[1,1]}}
,"D:\\Major & Interests\\MyProjects\\vue-todos\\src\\components\\Navigation.vue": {"path":"D:\\Major & Interests\\MyProjects\\vue-todos\\src\\components\\Navigation.vue","statementMap":{"0":{"start":{"line":18,"column":0},"end":{"line":18,"column":null}}},"fnMap":{"0":{"name":"(anonymous_1)","decl":{"start":{"line":17,"column":0},"end":{"line":17,"column":null}},"loc":{"start":{"line":17,"column":0},"end":{"line":37,"column":null}}}},"branchMap":{},"s":{"0":2},"f":{"0":2},"b":{}}
,"D:\\Major & Interests\\MyProjects\\vue-todos\\src\\components\\Todo.vue": {"path":"D:\\Major & Interests\\MyProjects\\vue-todos\\src\\components\\Todo.vue","statementMap":{"0":{"start":{"line":63,"column":0},"end":{"line":63,"column":null}},"1":{"start":{"line":75,"column":0},"end":{"line":81,"column":null}},"2":{"start":{"line":76,"column":0},"end":{"line":76,"column":null}},"3":{"start":{"line":78,"column":0},"end":{"line":78,"column":null}},"4":{"start":{"line":79,"column":0},"end":{"line":79,"column":null}},"5":{"start":{"line":80,"column":0},"end":{"line":80,"column":null}},"6":{"start":{"line":84,"column":0},"end":{"line":84,"column":null}},"7":{"start":{"line":85,"column":0},"end":{"line":85,"column":null}}},"fnMap":{"0":{"name":"(anonymous_1)","decl":{"start":{"line":62,"column":0},"end":{"line":62,"column":null}},"loc":{"start":{"line":62,"column":0},"end":{"line":67,"column":null}}},"1":{"name":"(anonymous_2)","decl":{"start":{"line":74,"column":0},"end":{"line":74,"column":null}},"loc":{"start":{"line":74,"column":0},"end":{"line":82,"column":null}}},"2":{"name":"(anonymous_3)","decl":{"start":{"line":80,"column":0},"end":{"line":80,"column":null}},"loc":{"start":{"line":80,"column":0},"end":{"line":80,"column":null}}},"3":{"name":"(anonymous_4)","decl":{"start":{"line":83,"column":0},"end":{"line":83,"column":null}},"loc":{"start":{"line":83,"column":0},"end":{"line":86,"column":null}}}},"branchMap":{"0":{"loc":{"start":{"line":75,"column":0},"end":{"line":81,"column":null}},"type":"if","locations":[{"start":{"line":75,"column":0},"end":{"line":81,"column":null}},{"start":{"line":75,"column":0},"end":{"line":81,"column":null}}]}},"s":{"0":11,"1":1,"2":0,"3":1,"4":1,"5":2,"6":2,"7":2},"f":{"0":11,"1":1,"2":1,"3":2},"b":{"0":[0,1]}}
,"D:\\Major & Interests\\MyProjects\\vue-todos\\src\\components\\TodoList.vue": {"path":"D:\\Major & Interests\\MyProjects\\vue-todos\\src\\components\\TodoList.vue","statementMap":{"0":{"start":{"line":35,"column":0},"end":{"line":35,"column":null}},"1":{"start":{"line":36,"column":0},"end":{"line":36,"column":null}},"2":{"start":{"line":41,"column":0},"end":{"line":41,"column":null}},"3":{"start":{"line":46,"column":0},"end":{"line":52,"column":null}},"4":{"start":{"line":47,"column":0},"end":{"line":51,"column":null}},"5":{"start":{"line":48,"column":0},"end":{"line":48,"column":null}},"6":{"start":{"line":50,"column":0},"end":{"line":50,"column":null}},"7":{"start":{"line":56,"column":0},"end":{"line":56,"column":null}},"8":{"start":{"line":57,"column":0},"end":{"line":57,"column":null}},"9":{"start":{"line":60,"column":0},"end":{"line":60,"column":null}},"10":{"start":{"line":61,"column":0},"end":{"line":61,"column":null}},"11":{"start":{"line":62,"column":0},"end":{"line":67,"column":null}},"12":{"start":{"line":63,"column":0},"end":{"line":63,"column":null}},"13":{"start":{"line":64,"column":0},"end":{"line":64,"column":null}},"14":{"start":{"line":66,"column":0},"end":{"line":66,"column":null}},"15":{"start":{"line":68,"column":0},"end":{"line":68,"column":null}},"16":{"start":{"line":69,"column":0},"end":{"line":69,"column":null}},"17":{"start":{"line":70,"column":0},"end":{"line":70,"column":null}},"18":{"start":{"line":71,"column":0},"end":{"line":71,"column":null}},"19":{"start":{"line":74,"column":0},"end":{"line":74,"column":null}},"20":{"start":{"line":75,"column":0},"end":{"line":75,"column":null}},"21":{"start":{"line":78,"column":0},"end":{"line":78,"column":null}},"22":{"start":{"line":79,"column":0},"end":{"line":79,"column":null}},"23":{"start":{"line":82,"column":0},"end":{"line":82,"column":null}},"24":{"start":{"line":83,"column":0},"end":{"line":83,"column":null}}},"fnMap":{"0":{"name":"(anonymous_1)","decl":{"start":{"line":40,"column":0},"end":{"line":40,"column":null}},"loc":{"start":{"line":40,"column":0},"end":{"line":44,"column":null}}},"1":{"name":"(anonymous_2)","decl":{"start":{"line":45,"column":0},"end":{"line":45,"column":null}},"loc":{"start":{"line":45,"column":0},"end":{"line":53,"column":null}}},"2":{"name":"(anonymous_3)","decl":{"start":{"line":55,"column":0},"end":{"line":55,"column":null}},"loc":{"start":{"line":55,"column":0},"end":{"line":58,"column":null}}},"3":{"name":"(anonymous_4)","decl":{"start":{"line":59,"column":0},"end":{"line":59,"column":null}},"loc":{"start":{"line":59,"column":0},"end":{"line":72,"column":null}}},"4":{"name":"(anonymous_5)","decl":{"start":{"line":73,"column":0},"end":{"line":73,"column":null}},"loc":{"start":{"line":73,"column":0},"end":{"line":76,"column":null}}},"5":{"name":"(anonymous_6)","decl":{"start":{"line":77,"column":0},"end":{"line":77,"column":null}},"loc":{"start":{"line":77,"column":0},"end":{"line":80,"column":null}}},"6":{"name":"(anonymous_7)","decl":{"start":{"line":81,"column":0},"end":{"line":81,"column":null}},"loc":{"start":{"line":81,"column":0},"end":{"line":84,"column":null}}}},"branchMap":{"0":{"loc":{"start":{"line":46,"column":0},"end":{"line":52,"column":null}},"type":"if","locations":[{"start":{"line":46,"column":0},"end":{"line":52,"column":null}},{"start":{"line":46,"column":0},"end":{"line":52,"column":null}}]}},"s":{"0":1,"1":1,"2":1,"3":1,"4":0,"5":0,"6":0,"7":0,"8":0,"9":0,"10":0,"11":0,"12":0,"13":0,"14":0,"15":0,"16":0,"17":0,"18":0,"19":0,"20":0,"21":0,"22":0,"23":0,"24":0},"f":{"0":1,"1":1,"2":0,"3":0,"4":0,"5":0,"6":0},"b":{"0":[0,1]}}
}
