TN:
SF:D:\Major & Interests\MyProjects\vue-todos\src\App.vue
FNF:0
FNH:0
DA:9,1
LF:1
LH:1
BRF:0
BRH:0
end_of_record
TN:
SF:D:\Major & Interests\MyProjects\vue-todos\src\components\CreateTodo.vue
FN:15,(anonymous_1)
FN:21,(anonymous_2)
FNF:2
FNH:2
FNDA:15,(anonymous_1)
FNDA:2,(anonymous_2)
DA:16,15
DA:22,2
DA:23,1
DA:25,2
LF:4
LH:4
BRDA:22,0,0,1
BRDA:22,0,1,1
BRF:2
BRH:2
end_of_record
TN:
SF:D:\Major & Interests\MyProjects\vue-todos\src\components\Navigation.vue
FN:17,(anonymous_1)
FNF:1
FNH:1
FNDA:3,(anonymous_1)
DA:18,3
LF:1
LH:1
BRF:0
BRH:0
end_of_record
TN:
SF:D:\Major & Interests\MyProjects\vue-todos\src\components\Todo.vue
FN:62,(anonymous_1)
FN:74,(anonymous_2)
FN:80,(anonymous_3)
FN:83,(anonymous_4)
FNF:4
FNH:4
FNDA:25,(anonymous_1)
FNDA:2,(anonymous_2)
FNDA:1,(anonymous_3)
FNDA:2,(anonymous_4)
DA:63,25
DA:75,2
DA:76,1
DA:78,1
DA:79,1
DA:80,2
DA:84,2
DA:85,2
LF:8
LH:8
BRDA:75,0,0,1
BRDA:75,0,1,1
BRF:2
BRH:2
end_of_record
TN:
SF:D:\Major & Interests\MyProjects\vue-todos\src\components\TodoList.vue
FN:40,(anonymous_1)
FN:45,(anonymous_2)
FN:55,(anonymous_3)
FN:59,(anonymous_4)
FN:73,(anonymous_5)
FN:77,(anonymous_6)
FN:81,(anonymous_7)
FNF:7
FNH:7
FNDA:12,(anonymous_1)
FNDA:12,(anonymous_2)
FNDA:6,(anonymous_3)
FNDA:1,(anonymous_4)
FNDA:1,(anonymous_5)
FNDA:1,(anonymous_6)
FNDA:9,(anonymous_7)
DA:35,1
DA:36,1
DA:41,12
DA:46,12
DA:47,1
DA:48,1
DA:50,0
DA:56,6
DA:57,6
DA:60,1
DA:61,1
DA:62,1
DA:63,1
DA:64,1
DA:65,1
DA:67,1
DA:69,1
DA:70,1
DA:71,1
DA:74,1
DA:75,1
DA:78,1
DA:79,1
DA:82,9
DA:83,9
LF:25
LH:24
BRDA:46,0,0,1
BRDA:46,0,1,11
BRF:2
BRH:2
end_of_record
TN:
SF:D:\Major & Interests\MyProjects\vue-todos\src\components\doneList.vue
FN:33,(anonymous_1)
FN:38,(anonymous_2)
FN:48,(anonymous_3)
FN:62,(anonymous_4)
FN:66,(anonymous_5)
FNF:5
FNH:5
FNDA:8,(anonymous_1)
FNDA:8,(anonymous_2)
FNDA:1,(anonymous_3)
FNDA:1,(anonymous_4)
FNDA:2,(anonymous_5)
DA:29,1
DA:34,8
DA:39,8
DA:40,1
DA:41,1
DA:43,0
DA:49,1
DA:50,1
DA:51,1
DA:52,1
DA:53,1
DA:54,1
DA:56,1
DA:58,1
DA:59,1
DA:60,1
DA:63,1
DA:64,1
DA:67,2
DA:68,2
LF:20
LH:19
BRDA:39,0,0,1
BRDA:39,0,1,7
BRF:2
BRH:2
end_of_record
