TN:
SF:D:\Major & Interests\MyProjects\vue-todos\src\components\CreateTodo.vue
FN:15,(anonymous_1)
FN:21,(anonymous_2)
FNF:2
FNH:2
FNDA:3,(anonymous_1)
FNDA:2,(anonymous_2)
DA:16,3
DA:22,2
DA:23,1
DA:25,2
LF:4
LH:4
BRDA:22,0,0,1
BRDA:22,0,1,1
BRF:2
BRH:2
end_of_record
TN:
SF:D:\Major & Interests\MyProjects\vue-todos\src\components\Navigation.vue
FN:17,(anonymous_1)
FNF:1
FNH:1
FNDA:2,(anonymous_1)
DA:18,2
LF:1
LH:1
BRF:0
BRH:0
end_of_record
TN:
SF:D:\Major & Interests\MyProjects\vue-todos\src\components\Todo.vue
FN:62,(anonymous_1)
FN:74,(anonymous_2)
FN:80,(anonymous_3)
FN:83,(anonymous_4)
FNF:4
FNH:4
FNDA:11,(anonymous_1)
FNDA:1,(anonymous_2)
FNDA:1,(anonymous_3)
FNDA:2,(anonymous_4)
DA:63,11
DA:75,1
DA:76,0
DA:78,1
DA:79,1
DA:80,2
DA:84,2
DA:85,2
LF:8
LH:7
BRDA:75,0,0,0
BRDA:75,0,1,1
BRF:2
BRH:1
end_of_record
TN:
SF:D:\Major & Interests\MyProjects\vue-todos\src\components\TodoList.vue
FN:40,(anonymous_1)
FN:45,(anonymous_2)
FN:55,(anonymous_3)
FN:59,(anonymous_4)
FN:73,(anonymous_5)
FN:77,(anonymous_6)
FN:81,(anonymous_7)
FNF:7
FNH:2
FNDA:1,(anonymous_1)
FNDA:1,(anonymous_2)
FNDA:0,(anonymous_3)
FNDA:0,(anonymous_4)
FNDA:0,(anonymous_5)
FNDA:0,(anonymous_6)
FNDA:0,(anonymous_7)
DA:35,1
DA:36,1
DA:41,1
DA:46,1
DA:47,0
DA:48,0
DA:50,0
DA:56,0
DA:57,0
DA:60,0
DA:61,0
DA:62,0
DA:63,0
DA:64,0
DA:66,0
DA:68,0
DA:69,0
DA:70,0
DA:71,0
DA:74,0
DA:75,0
DA:78,0
DA:79,0
DA:82,0
DA:83,0
LF:25
LH:4
BRDA:46,0,0,0
BRDA:46,0,1,1
BRF:2
BRH:1
end_of_record
